<?xml version="1.0" encoding="UTF-8"?>
<!-- Generated by org.testng.reporters.JUnitXMLReporter -->
<testsuite ignored="0" hostname="LAPTOP-644D0OPQ" failures="0" tests="3" name="Test" time="0.288" errors="0" timestamp="2021-12-27T22:41:20 IST">
  <testcase classname="com.testNg.AdactinTestNgRunnerclass" name="@BeforeClass browserLaunch" time="0.19">
    <failure type="java.lang.IllegalStateException" message="The driver executable does not exist: C:\Users\heman\eclipse-workspace\AdactinProject\driver\geckodriver.exe">
      <![CDATA[java.lang.IllegalStateException: The driver executable does not exist: C:\Users\heman\eclipse-workspace\AdactinProject\driver\geckodriver.exe
at com.google.common.base.Preconditions.checkState(Preconditions.java:585)
at org.openqa.selenium.remote.service.DriverService.checkExecutable(DriverService.java:146)
at org.openqa.selenium.remote.service.DriverService.findExecutable(DriverService.java:141)
at org.openqa.selenium.firefox.GeckoDriverService.access$100(GeckoDriverService.java:44)
at org.openqa.selenium.firefox.GeckoDriverService$Builder.findDefaultExecutable(GeckoDriverService.java:167)
at org.openqa.selenium.remote.service.DriverService$Builder.build(DriverService.java:355)
at org.openqa.selenium.firefox.FirefoxDriver.toExecutor(FirefoxDriver.java:190)
at org.openqa.selenium.firefox.FirefoxDriver.<init>(FirefoxDriver.java:147)
at org.openqa.selenium.firefox.FirefoxDriver.<init>(FirefoxDriver.java:125)
at com.BaseClass.Base_Class.launchDriver(Base_Class.java:54)
at com.testNg.AdactinTestNgRunnerclass.browserLaunch(AdactinTestNgRunnerclass.java:30)
at java.base/java.util.concurrent.ThreadPoolExecutor.runWorker(ThreadPoolExecutor.java:1130)
at java.base/java.util.concurrent.ThreadPoolExecutor$Worker.run(ThreadPoolExecutor.java:630)
at java.base/java.lang.Thread.run(Thread.java:832)
... Removed 10 stack frames]]>
    </failure>
  </testcase> <!-- @BeforeClass browserLaunch -->
  <testcase classname="com.testNg.AdactinTestNgRunnerclass" name="sydneyHotelBooking" time="0.0">
    <skipped/>
  </testcase> <!-- sydneyHotelBooking -->
  <testcase classname="com.testNg.AdactinTestNgRunnerclass" name="losAngelosHotelBooking" time="0.0">
    <skipped/>
  </testcase> <!-- losAngelosHotelBooking -->
  <testcase classname="com.testNg.AdactinTestNgRunnerclass" name="losAngelosHotelBooking" time="0.0">
    <skipped/>
  </testcase> <!-- losAngelosHotelBooking -->
</testsuite> <!-- Test -->
