<?xml version="1.0" encoding="UTF-8"?>
<testng-results ignored="0" total="2" passed="1" failed="1" skipped="0">
  <reporter-output>
  </reporter-output>
  <suite started-at="2022-02-08T12:45:03 IST" name="Default suite" finished-at="2022-02-08T12:45:32 IST" duration-ms="28433">
    <groups>
      <group name="Hotel Booking">
        <method signature="AdactinTestNgRunnerclass.losAngelosHotelBooking()[pri:1, instance:com.testNg.AdactinTestNgRunnerclass@76a82f33]" name="losAngelosHotelBooking" class="com.testNg.AdactinTestNgRunnerclass"/>
        <method signature="AdactinTestNgRunnerclass.sydneyHotelBooking()[pri:0, instance:com.testNg.AdactinTestNgRunnerclass@76a82f33]" name="sydneyHotelBooking" class="com.testNg.AdactinTestNgRunnerclass"/>
      </group> <!-- Hotel Booking -->
    </groups>
    <test started-at="2022-02-08T12:45:03 IST" name="Default test" finished-at="2022-02-08T12:45:32 IST" duration-ms="28433">
      <class name="com.testNg.AdactinTestNgRunnerclass">
        <test-method signature="sydneyHotelBooking()[pri:0, instance:com.testNg.AdactinTestNgRunnerclass@76a82f33]" started-at="2022-02-08T12:45:03 IST" name="sydneyHotelBooking" data-provider="data" finished-at="2022-02-08T12:45:03 IST" duration-ms="35" status="FAIL">
          <exception class="org.testng.internal.reflect.MethodMatcherException">
            <message>
              <![CDATA[
[private void com.testNg.AdactinTestNgRunnerclass.sydneyHotelBooking() throws java.lang.Exception] has no parameters defined but was found to be using a data provider (either explicitly specified or inherited from class level annotation).
Data provider mismatch
Method: sydneyHotelBooking([])
Arguments: [(java.lang.String) 29/12/2021,(java.lang.String) 30/12/2021]]]>
            </message>
            <full-stacktrace>
              <![CDATA[org.testng.internal.reflect.MethodMatcherException: 
[private void com.testNg.AdactinTestNgRunnerclass.sydneyHotelBooking() throws java.lang.Exception] has no parameters defined but was found to be using a data provider (either explicitly specified or inherited from class level annotation).
Data provider mismatch
Method: sydneyHotelBooking([])
Arguments: [(java.lang.String) 29/12/2021,(java.lang.String) 30/12/2021]
at org.testng.internal.reflect.DataProviderMethodMatcher.getConformingArguments(DataProviderMethodMatcher.java:43)
at org.testng.internal.Parameters.injectParameters(Parameters.java:914)
at org.testng.internal.MethodRunner.runInSequence(MethodRunner.java:34)
at org.testng.internal.TestInvoker$MethodInvocationAgent.invoke(TestInvoker.java:824)
at org.testng.internal.TestInvoker.invokeTestMethods(TestInvoker.java:146)
at org.testng.internal.TestMethodWorker.invokeTestMethods(TestMethodWorker.java:146)
at org.testng.internal.TestMethodWorker.run(TestMethodWorker.java:128)
at java.base/java.util.ArrayList.forEach(ArrayList.java:1511)
at org.testng.TestRunner.privateRun(TestRunner.java:794)
at org.testng.TestRunner.run(TestRunner.java:596)
at org.testng.SuiteRunner.runTest(SuiteRunner.java:377)
at org.testng.SuiteRunner.runSequentially(SuiteRunner.java:371)
at org.testng.SuiteRunner.privateRun(SuiteRunner.java:332)
at org.testng.SuiteRunner.run(SuiteRunner.java:276)
at org.testng.SuiteRunnerWorker.runSuite(SuiteRunnerWorker.java:53)
at org.testng.SuiteRunnerWorker.run(SuiteRunnerWorker.java:96)
at org.testng.TestNG.runSuitesSequentially(TestNG.java:1212)
at org.testng.TestNG.runSuitesLocally(TestNG.java:1134)
at org.testng.TestNG.runSuites(TestNG.java:1063)
at org.testng.TestNG.run(TestNG.java:1031)
at org.testng.remote.AbstractRemoteTestNG.run(AbstractRemoteTestNG.java:115)
at org.testng.remote.RemoteTestNG.initAndRun(RemoteTestNG.java:251)
at org.testng.remote.RemoteTestNG.main(RemoteTestNG.java:77)
]]>
            </full-stacktrace>
          </exception> <!-- org.testng.internal.reflect.MethodMatcherException -->
          <reporter-output>
          </reporter-output>
        </test-method> <!-- sydneyHotelBooking -->
        <test-method signature="losAngelosHotelBooking()[pri:1, instance:com.testNg.AdactinTestNgRunnerclass@76a82f33]" started-at="2022-02-08T12:45:03 IST" name="losAngelosHotelBooking" finished-at="2022-02-08T12:45:32 IST" duration-ms="28134" status="PASS">
          <reporter-output>
          </reporter-output>
        </test-method> <!-- losAngelosHotelBooking -->
      </class> <!-- com.testNg.AdactinTestNgRunnerclass -->
    </test> <!-- Default test -->
  </suite> <!-- Default suite -->
</testng-results>
